25-05-2023 INFO [process: 29356, thread: restartedMain] biz.touchtechnologies.backendchallanege.BackendChallanegeApplication Starting BackendChallanegeApplication using Java 17.0.7 with PID 29356 (D:\pruebas-tecnicas\backend-challanege\target\classes started by luism in D:\pruebas-tecnicas\backend-challanege)
25-05-2023 INFO [process: 29356, thread: restartedMain] biz.touchtechnologies.backendchallanege.BackendChallanegeApplication The following 1 profile is active: "dev"
25-05-2023 INFO [process: 29356, thread: restartedMain] biz.touchtechnologies.backendchallanege.BackendChallanegeApplication Started BackendChallanegeApplication in 2.637 seconds (process running for 3.442)
25-05-2023 INFO [process: 29356, thread: restartedMain] biz.touchtechnologies.backendchallanege.BackendChallanegeApplication MENSAJE LOG4J
25-05-2023 INFO [process: 29356, thread: restartedMain] biz.touchtechnologies.backendchallanege.BackendChallanegeApplication Mensaje LOGSLF4J
25-05-2023 ERROR [process: 29356, thread: http-nio-8090-exec-2] biz.touchtechnologies.backendchallanege.application.exception.GlobalExceptionHandler Error: [type: org.springframework.web.bind.MethodArgumentNotValidException, message: Validation failed for argument [0] in public org.springframework.http.ResponseEntity<biz.touchtechnologies.backendchallanege.application.dto.ResponseDto> biz.touchtechnologies.backendchallanege.web.ProductController.save(biz.touchtechnologies.backendchallanege.application.dto.SaveProduct): [Field error in object 'saveProduct' on field 'description': rejected value [null]; codes [NotEmpty.saveProduct.description,NotEmpty.description,NotEmpty.java.lang.String,NotEmpty]; arguments [org.springframework.context.support.DefaultMessageSourceResolvable: codes [saveProduct.description,description]; arguments []; default message [description]]; default message [no debe estar vacío]] , null]
25-05-2023 INFO [process: 29356, thread: http-nio-8090-exec-2] biz.touchtechnologies.backendchallanege.application.exception.GlobalExceptionHandler Tipo de error: org.springframework.web.bind.MethodArgumentNotValidException
25-05-2023 ERROR [process: 29356, thread: http-nio-8090-exec-5] biz.touchtechnologies.backendchallanege.application.exception.GlobalExceptionHandler Error: [type: org.springframework.web.bind.MethodArgumentNotValidException, message: Validation failed for argument [0] in public org.springframework.http.ResponseEntity<biz.touchtechnologies.backendchallanege.application.dto.ResponseDto> biz.touchtechnologies.backendchallanege.web.ProductController.save(biz.touchtechnologies.backendchallanege.application.dto.SaveProduct): [Field error in object 'saveProduct' on field 'description': rejected value [null]; codes [NotEmpty.saveProduct.description,NotEmpty.description,NotEmpty.java.lang.String,NotEmpty]; arguments [org.springframework.context.support.DefaultMessageSourceResolvable: codes [saveProduct.description,description]; arguments []; default message [description]]; default message [no debe estar vacío]] , null]
25-05-2023 INFO [process: 29356, thread: http-nio-8090-exec-5] biz.touchtechnologies.backendchallanege.application.exception.GlobalExceptionHandler Tipo de error: org.springframework.web.bind.MethodArgumentNotValidException
25-05-2023 ERROR [process: 29356, thread: http-nio-8090-exec-9] biz.touchtechnologies.backendchallanege.application.exception.GlobalExceptionHandler Error: [type: org.springframework.web.bind.MethodArgumentNotValidException, message: Validation failed for argument [0] in public org.springframework.http.ResponseEntity<biz.touchtechnologies.backendchallanege.application.dto.ResponseDto> biz.touchtechnologies.backendchallanege.web.ProductController.save(biz.touchtechnologies.backendchallanege.application.dto.SaveProduct): [Field error in object 'saveProduct' on field 'price': rejected value [0.00]; codes [DecimalMin.saveProduct.price,DecimalMin.price,DecimalMin.java.math.BigDecimal,DecimalMin]; arguments [org.springframework.context.support.DefaultMessageSourceResolvable: codes [saveProduct.price,price]; arguments []; default message [price],true,0.01]; default message [debe ser mayor que o igual a 0.01]] , null]
25-05-2023 INFO [process: 29356, thread: http-nio-8090-exec-9] biz.touchtechnologies.backendchallanege.application.exception.GlobalExceptionHandler Tipo de error: org.springframework.web.bind.MethodArgumentNotValidException
25-05-2023 ERROR [process: 29356, thread: http-nio-8090-exec-1] biz.touchtechnologies.backendchallanege.application.exception.GlobalExceptionHandler Error: [type: org.springframework.web.bind.MethodArgumentNotValidException, message: Validation failed for argument [0] in public org.springframework.http.ResponseEntity<biz.touchtechnologies.backendchallanege.application.dto.ResponseDto> biz.touchtechnologies.backendchallanege.web.ProductController.save(biz.touchtechnologies.backendchallanege.application.dto.SaveProduct): [Field error in object 'saveProduct' on field 'price': rejected value [-1.00]; codes [DecimalMin.saveProduct.price,DecimalMin.price,DecimalMin.java.math.BigDecimal,DecimalMin]; arguments [org.springframework.context.support.DefaultMessageSourceResolvable: codes [saveProduct.price,price]; arguments []; default message [price],true,0.01]; default message [debe ser mayor que o igual a 0.01]] , null]
25-05-2023 INFO [process: 29356, thread: http-nio-8090-exec-1] biz.touchtechnologies.backendchallanege.application.exception.GlobalExceptionHandler Tipo de error: org.springframework.web.bind.MethodArgumentNotValidException
25-05-2023 ERROR [process: 29356, thread: http-nio-8090-exec-4] biz.touchtechnologies.backendchallanege.application.exception.GlobalExceptionHandler Error: [type: org.springframework.web.bind.MethodArgumentNotValidException, message: Validation failed for argument [0] in public org.springframework.http.ResponseEntity<biz.touchtechnologies.backendchallanege.application.dto.ResponseDto> biz.touchtechnologies.backendchallanege.web.ProductController.save(biz.touchtechnologies.backendchallanege.application.dto.SaveProduct): [Field error in object 'saveProduct' on field 'rate': rejected value [-1.0]; codes [Min.saveProduct.rate,Min.rate,Min.double,Min]; arguments [org.springframework.context.support.DefaultMessageSourceResolvable: codes [saveProduct.rate,rate]; arguments []; default message [rate],0]; default message [debe ser mayor que o igual a 0]] , null]
25-05-2023 INFO [process: 29356, thread: http-nio-8090-exec-4] biz.touchtechnologies.backendchallanege.application.exception.GlobalExceptionHandler Tipo de error: org.springframework.web.bind.MethodArgumentNotValidException
25-05-2023 ERROR [process: 29356, thread: http-nio-8090-exec-7] biz.touchtechnologies.backendchallanege.application.exception.GlobalExceptionHandler Error: [type: org.springframework.web.HttpRequestMethodNotSupportedException, message: Request method 'POST' is not supported, null]
25-05-2023 INFO [process: 29356, thread: http-nio-8090-exec-7] biz.touchtechnologies.backendchallanege.application.exception.GlobalExceptionHandler Tipo de error: org.springframework.web.HttpRequestMethodNotSupportedException
25-05-2023 ERROR [process: 29356, thread: http-nio-8090-exec-9] biz.touchtechnologies.backendchallanege.application.exception.GlobalExceptionHandler Error: [type: org.springframework.web.bind.MethodArgumentNotValidException, message: Validation failed for argument [1] in public org.springframework.http.ResponseEntity<biz.touchtechnologies.backendchallanege.application.dto.ResponseDto> biz.touchtechnologies.backendchallanege.web.ProductController.update(java.lang.Long,biz.touchtechnologies.backendchallanege.application.dto.SaveProduct): [Field error in object 'saveProduct' on field 'price': rejected value [-0.01]; codes [DecimalMin.saveProduct.price,DecimalMin.price,DecimalMin.java.math.BigDecimal,DecimalMin]; arguments [org.springframework.context.support.DefaultMessageSourceResolvable: codes [saveProduct.price,price]; arguments []; default message [price],true,0.01]; default message [debe ser mayor que o igual a 0.01]] , null]
25-05-2023 INFO [process: 29356, thread: http-nio-8090-exec-9] biz.touchtechnologies.backendchallanege.application.exception.GlobalExceptionHandler Tipo de error: org.springframework.web.bind.MethodArgumentNotValidException
25-05-2023 ERROR [process: 29356, thread: http-nio-8090-exec-3] biz.touchtechnologies.backendchallanege.application.exception.GlobalExceptionHandler Error: [type: org.springframework.web.bind.ServletRequestBindingException, message: Missing request attribute 'limit' of type Integer, null]
25-05-2023 INFO [process: 29356, thread: http-nio-8090-exec-3] biz.touchtechnologies.backendchallanege.application.exception.GlobalExceptionHandler Tipo de error: org.springframework.web.bind.ServletRequestBindingException
25-05-2023 INFO [process: 13604, thread: restartedMain] biz.touchtechnologies.backendchallanege.BackendChallanegeApplication Starting BackendChallanegeApplication using Java 17.0.7 with PID 13604 (D:\pruebas-tecnicas\backend-challanege\target\classes started by luism in D:\pruebas-tecnicas\backend-challanege)
25-05-2023 INFO [process: 13604, thread: restartedMain] biz.touchtechnologies.backendchallanege.BackendChallanegeApplication The following 1 profile is active: "dev"
25-05-2023 INFO [process: 13604, thread: restartedMain] biz.touchtechnologies.backendchallanege.BackendChallanegeApplication Started BackendChallanegeApplication in 2.785 seconds (process running for 3.543)
25-05-2023 INFO [process: 13604, thread: restartedMain] biz.touchtechnologies.backendchallanege.BackendChallanegeApplication PRUEBA LOG4J
25-05-2023 INFO [process: 13604, thread: restartedMain] biz.touchtechnologies.backendchallanege.BackendChallanegeApplication PRUEBA LOGSLF4J
25-05-2023 INFO [process: 17532, thread: restartedMain] biz.touchtechnologies.backendchallanege.BackendChallanegeApplication Starting BackendChallanegeApplication using Java 17.0.7 with PID 17532 (D:\pruebas-tecnicas\backend-challanege\target\classes started by luism in D:\pruebas-tecnicas\backend-challanege)
25-05-2023 INFO [process: 17532, thread: restartedMain] biz.touchtechnologies.backendchallanege.BackendChallanegeApplication The following 1 profile is active: "dev"
25-05-2023 INFO [process: 17532, thread: restartedMain] biz.touchtechnologies.backendchallanege.BackendChallanegeApplication Started BackendChallanegeApplication in 7.941 seconds (process running for 8.681)
25-05-2023 INFO [process: 17532, thread: restartedMain] biz.touchtechnologies.backendchallanege.BackendChallanegeApplication PRUEBA LOG4J
25-05-2023 INFO [process: 17532, thread: restartedMain] biz.touchtechnologies.backendchallanege.BackendChallanegeApplication PRUEBA LOGSLF4J
25-05-2023 ERROR [process: 17532, thread: http-nio-8090-exec-6] biz.touchtechnologies.backendchallanege.application.exception.GlobalExceptionHandler Error: [type: org.springframework.web.bind.MethodArgumentNotValidException, message: Validation failed for argument [0] in public org.springframework.http.ResponseEntity<biz.touchtechnologies.backendchallanege.application.dto.ResponseDto> biz.touchtechnologies.backendchallanege.web.OrderController.save(biz.touchtechnologies.backendchallanege.application.dto.SaveOrder): [Field error in object 'saveOrder' on field 'products': rejected value [null]; codes [NotEmpty.saveOrder.products,NotEmpty.products,NotEmpty.java.util.List,NotEmpty]; arguments [org.springframework.context.support.DefaultMessageSourceResolvable: codes [saveOrder.products,products]; arguments []; default message [products]]; default message [no debe estar vacío]] , null]
25-05-2023 INFO [process: 17532, thread: http-nio-8090-exec-6] biz.touchtechnologies.backendchallanege.application.exception.GlobalExceptionHandler Tipo de error: org.springframework.web.bind.MethodArgumentNotValidException
25-05-2023 INFO [process: 17364, thread: restartedMain] biz.touchtechnologies.backendchallanege.BackendChallanegeApplication Starting BackendChallanegeApplication using Java 17.0.7 with PID 17364 (D:\pruebas-tecnicas\backend-challanege\target\classes started by luism in D:\pruebas-tecnicas\backend-challanege)
25-05-2023 INFO [process: 17364, thread: restartedMain] biz.touchtechnologies.backendchallanege.BackendChallanegeApplication The following 1 profile is active: "dev"
25-05-2023 INFO [process: 17364, thread: restartedMain] biz.touchtechnologies.backendchallanege.BackendChallanegeApplication Started BackendChallanegeApplication in 3.242 seconds (process running for 3.972)
25-05-2023 INFO [process: 17364, thread: restartedMain] biz.touchtechnologies.backendchallanege.BackendChallanegeApplication PRUEBA LOG4J
25-05-2023 INFO [process: 17364, thread: restartedMain] biz.touchtechnologies.backendchallanege.BackendChallanegeApplication PRUEBA LOGSLF4J
25-05-2023 INFO [process: 1664, thread: restartedMain] biz.touchtechnologies.backendchallanege.BackendChallanegeApplication Starting BackendChallanegeApplication using Java 17.0.7 with PID 1664 (D:\pruebas-tecnicas\backend-challanege\target\classes started by luism in D:\pruebas-tecnicas\backend-challanege)
25-05-2023 INFO [process: 1664, thread: restartedMain] biz.touchtechnologies.backendchallanege.BackendChallanegeApplication The following 1 profile is active: "dev"
25-05-2023 INFO [process: 1664, thread: restartedMain] biz.touchtechnologies.backendchallanege.BackendChallanegeApplication Started BackendChallanegeApplication in 2.956 seconds (process running for 3.667)
25-05-2023 INFO [process: 1664, thread: restartedMain] biz.touchtechnologies.backendchallanege.BackendChallanegeApplication PRUEBA LOG4J
25-05-2023 INFO [process: 1664, thread: restartedMain] biz.touchtechnologies.backendchallanege.BackendChallanegeApplication PRUEBA LOGSLF4J
25-05-2023 INFO [process: 18204, thread: restartedMain] biz.touchtechnologies.backendchallanege.BackendChallanegeApplication Starting BackendChallanegeApplication using Java 17.0.7 with PID 18204 (D:\pruebas-tecnicas\backend-challanege\target\classes started by luism in D:\pruebas-tecnicas\backend-challanege)
25-05-2023 INFO [process: 18204, thread: restartedMain] biz.touchtechnologies.backendchallanege.BackendChallanegeApplication The following 1 profile is active: "dev"
25-05-2023 INFO [process: 18204, thread: restartedMain] biz.touchtechnologies.backendchallanege.BackendChallanegeApplication Started BackendChallanegeApplication in 3.092 seconds (process running for 3.876)
25-05-2023 INFO [process: 18204, thread: restartedMain] biz.touchtechnologies.backendchallanege.BackendChallanegeApplication PRUEBA LOG4J
25-05-2023 INFO [process: 18204, thread: restartedMain] biz.touchtechnologies.backendchallanege.BackendChallanegeApplication PRUEBA LOGSLF4J
25-05-2023 INFO [process: 11948, thread: restartedMain] biz.touchtechnologies.backendchallanege.BackendChallanegeApplication Starting BackendChallanegeApplication using Java 17.0.7 with PID 11948 (D:\pruebas-tecnicas\backend-challanege\target\classes started by luism in D:\pruebas-tecnicas\backend-challanege)
25-05-2023 INFO [process: 11948, thread: restartedMain] biz.touchtechnologies.backendchallanege.BackendChallanegeApplication The following 1 profile is active: "dev"
25-05-2023 INFO [process: 11948, thread: restartedMain] biz.touchtechnologies.backendchallanege.BackendChallanegeApplication Started BackendChallanegeApplication in 2.802 seconds (process running for 3.56)
25-05-2023 INFO [process: 11948, thread: restartedMain] biz.touchtechnologies.backendchallanege.BackendChallanegeApplication PRUEBA LOG4J
25-05-2023 INFO [process: 11948, thread: restartedMain] biz.touchtechnologies.backendchallanege.BackendChallanegeApplication PRUEBA LOGSLF4J
25-05-2023 INFO [process: 3228, thread: restartedMain] biz.touchtechnologies.backendchallanege.BackendChallanegeApplication Starting BackendChallanegeApplication using Java 17.0.7 with PID 3228 (D:\pruebas-tecnicas\backend-challanege\target\classes started by luism in D:\pruebas-tecnicas\backend-challanege)
25-05-2023 INFO [process: 3228, thread: restartedMain] biz.touchtechnologies.backendchallanege.BackendChallanegeApplication The following 1 profile is active: "dev"
25-05-2023 INFO [process: 3228, thread: restartedMain] biz.touchtechnologies.backendchallanege.BackendChallanegeApplication Started BackendChallanegeApplication in 3.099 seconds (process running for 3.88)
25-05-2023 INFO [process: 3228, thread: restartedMain] biz.touchtechnologies.backendchallanege.BackendChallanegeApplication PRUEBA LOG4J
25-05-2023 INFO [process: 3228, thread: restartedMain] biz.touchtechnologies.backendchallanege.BackendChallanegeApplication PRUEBA LOGSLF4J
25-05-2023 INFO [process: 9800, thread: restartedMain] biz.touchtechnologies.backendchallanege.BackendChallanegeApplication Starting BackendChallanegeApplication using Java 17.0.7 with PID 9800 (D:\pruebas-tecnicas\backend-challanege\target\classes started by luism in D:\pruebas-tecnicas\backend-challanege)
25-05-2023 INFO [process: 9800, thread: restartedMain] biz.touchtechnologies.backendchallanege.BackendChallanegeApplication The following 1 profile is active: "dev"
25-05-2023 INFO [process: 10400, thread: restartedMain] biz.touchtechnologies.backendchallanege.BackendChallanegeApplication Starting BackendChallanegeApplication using Java 17.0.7 with PID 10400 (D:\pruebas-tecnicas\backend-challanege\target\classes started by luism in D:\pruebas-tecnicas\backend-challanege)
25-05-2023 INFO [process: 10400, thread: restartedMain] biz.touchtechnologies.backendchallanege.BackendChallanegeApplication The following 1 profile is active: "dev"
25-05-2023 INFO [process: 10400, thread: restartedMain] biz.touchtechnologies.backendchallanege.BackendChallanegeApplication Started BackendChallanegeApplication in 3.027 seconds (process running for 3.798)
25-05-2023 INFO [process: 10400, thread: restartedMain] biz.touchtechnologies.backendchallanege.BackendChallanegeApplication PRUEBA LOG4J
25-05-2023 INFO [process: 10400, thread: restartedMain] biz.touchtechnologies.backendchallanege.BackendChallanegeApplication PRUEBA LOGSLF4J
25-05-2023 INFO [process: 21724, thread: restartedMain] biz.touchtechnologies.backendchallanege.BackendChallanegeApplication Starting BackendChallanegeApplication using Java 17.0.7 with PID 21724 (D:\pruebas-tecnicas\backend-challanege\target\classes started by luism in D:\pruebas-tecnicas\backend-challanege)
25-05-2023 INFO [process: 21724, thread: restartedMain] biz.touchtechnologies.backendchallanege.BackendChallanegeApplication The following 1 profile is active: "dev"
25-05-2023 INFO [process: 21724, thread: restartedMain] biz.touchtechnologies.backendchallanege.BackendChallanegeApplication Started BackendChallanegeApplication in 3.229 seconds (process running for 4.005)
25-05-2023 INFO [process: 21724, thread: restartedMain] biz.touchtechnologies.backendchallanege.BackendChallanegeApplication PRUEBA LOG4J
25-05-2023 INFO [process: 21724, thread: restartedMain] biz.touchtechnologies.backendchallanege.BackendChallanegeApplication PRUEBA LOGSLF4J
25-05-2023 INFO [process: 24672, thread: restartedMain] biz.touchtechnologies.backendchallanege.BackendChallanegeApplication Starting BackendChallanegeApplication using Java 17.0.7 with PID 24672 (D:\pruebas-tecnicas\backend-challanege\target\classes started by luism in D:\pruebas-tecnicas\backend-challanege)
25-05-2023 INFO [process: 24672, thread: restartedMain] biz.touchtechnologies.backendchallanege.BackendChallanegeApplication The following 1 profile is active: "dev"
25-05-2023 INFO [process: 24672, thread: restartedMain] biz.touchtechnologies.backendchallanege.config.security.SecurityConfiguration CONFIGURING HTTP SECURITY
25-05-2023 INFO [process: 24672, thread: restartedMain] biz.touchtechnologies.backendchallanege.BackendChallanegeApplication Started BackendChallanegeApplication in 3.012 seconds (process running for 3.757)
25-05-2023 INFO [process: 24672, thread: restartedMain] biz.touchtechnologies.backendchallanege.BackendChallanegeApplication PRUEBA LOG4J
25-05-2023 INFO [process: 24672, thread: restartedMain] biz.touchtechnologies.backendchallanege.BackendChallanegeApplication PRUEBA LOGSLF4J
25-05-2023 INFO [process: 28488, thread: restartedMain] biz.touchtechnologies.backendchallanege.BackendChallanegeApplication Starting BackendChallanegeApplication using Java 17.0.7 with PID 28488 (D:\pruebas-tecnicas\backend-challanege\target\classes started by luism in D:\pruebas-tecnicas\backend-challanege)
25-05-2023 INFO [process: 28488, thread: restartedMain] biz.touchtechnologies.backendchallanege.BackendChallanegeApplication The following 1 profile is active: "dev"
25-05-2023 INFO [process: 28488, thread: restartedMain] biz.touchtechnologies.backendchallanege.config.security.SecurityConfiguration CONFIGURING HTTP SECURITY
25-05-2023 INFO [process: 28488, thread: restartedMain] biz.touchtechnologies.backendchallanege.BackendChallanegeApplication Started BackendChallanegeApplication in 3.05 seconds (process running for 3.798)
25-05-2023 INFO [process: 28488, thread: restartedMain] biz.touchtechnologies.backendchallanege.BackendChallanegeApplication PRUEBA LOG4J
25-05-2023 INFO [process: 28488, thread: restartedMain] biz.touchtechnologies.backendchallanege.BackendChallanegeApplication PRUEBA LOGSLF4J
25-05-2023 INFO [process: 21360, thread: restartedMain] biz.touchtechnologies.backendchallanege.BackendChallanegeApplication Starting BackendChallanegeApplication using Java 17.0.7 with PID 21360 (D:\pruebas-tecnicas\backend-challanege\target\classes started by luism in D:\pruebas-tecnicas\backend-challanege)
25-05-2023 INFO [process: 21360, thread: restartedMain] biz.touchtechnologies.backendchallanege.BackendChallanegeApplication The following 1 profile is active: "dev"
25-05-2023 INFO [process: 21360, thread: restartedMain] biz.touchtechnologies.backendchallanege.config.security.SecurityConfiguration CONFIGURING HTTP SECURITY
25-05-2023 INFO [process: 21360, thread: restartedMain] biz.touchtechnologies.backendchallanege.BackendChallanegeApplication Started BackendChallanegeApplication in 3.026 seconds (process running for 3.77)
25-05-2023 INFO [process: 21360, thread: restartedMain] biz.touchtechnologies.backendchallanege.BackendChallanegeApplication PRUEBA LOG4J
25-05-2023 INFO [process: 21360, thread: restartedMain] biz.touchtechnologies.backendchallanege.BackendChallanegeApplication PRUEBA LOGSLF4J
